[11-Oct-2019 04:10:33 UTC] PHP Warning:  stat(): stat failed for /var/www/vhosts/thecolombianway.es/httpdocs/wp-content/uploads/wpcf7_captcha/2121425240.txt in /var/www/vhosts/thecolombianway.es/httpdocs/wp-content/plugins/really-simple-captcha/really-simple-captcha.php on line 266
[13-Oct-2019 19:23:04 UTC] PHP Warning:  stat(): stat failed for /var/www/vhosts/thecolombianway.es/httpdocs/wp-content/uploads/wpcf7_captcha/3239955404.png in /var/www/vhosts/thecolombianway.es/httpdocs/wp-content/plugins/really-simple-captcha/really-simple-captcha.php on line 266
[14-Oct-2019 06:09:20 UTC] PHP Warning:  stat(): stat failed for /var/www/vhosts/thecolombianway.es/httpdocs/wp-content/uploads/wpcf7_captcha/2672542926.png in /var/www/vhosts/thecolombianway.es/httpdocs/wp-content/plugins/really-simple-captcha/really-simple-captcha.php on line 266
[15-Oct-2019 05:39:40 UTC] PHP Warning:  stat(): stat failed for /var/www/vhosts/thecolombianway.es/httpdocs/wp-content/uploads/wpcf7_captcha/1908822503.png in /var/www/vhosts/thecolombianway.es/httpdocs/wp-content/plugins/really-simple-captcha/really-simple-captcha.php on line 266
[16-Oct-2019 07:37:15 UTC] PHP Warning:  stat(): stat failed for /var/www/vhosts/thecolombianway.es/httpdocs/wp-content/uploads/wpcf7_captcha/3238306789.txt in /var/www/vhosts/thecolombianway.es/httpdocs/wp-content/plugins/really-simple-captcha/really-simple-captcha.php on line 266
[16-Oct-2019 07:37:15 UTC] PHP Warning:  stat(): stat failed for /var/www/vhosts/thecolombianway.es/httpdocs/wp-content/uploads/wpcf7_captcha/3497749035.png in /var/www/vhosts/thecolombianway.es/httpdocs/wp-content/plugins/really-simple-captcha/really-simple-captcha.php on line 266
[16-Oct-2019 09:26:15 UTC] PHP Warning:  stat(): stat failed for /var/www/vhosts/thecolombianway.es/httpdocs/wp-content/uploads/wpcf7_captcha/3605018409.png in /var/www/vhosts/thecolombianway.es/httpdocs/wp-content/plugins/really-simple-captcha/really-simple-captcha.php on line 266
[17-Oct-2019 19:30:27 UTC] PHP Warning:  stat(): stat failed for /var/www/vhosts/thecolombianway.es/httpdocs/wp-content/uploads/wpcf7_captcha/2341851646.txt in /var/www/vhosts/thecolombianway.es/httpdocs/wp-content/plugins/really-simple-captcha/really-simple-captcha.php on line 266
[17-Oct-2019 22:26:27 UTC] PHP Warning:  stat(): stat failed for /var/www/vhosts/thecolombianway.es/httpdocs/wp-content/uploads/wpcf7_captcha/2028459493.txt in /var/www/vhosts/thecolombianway.es/httpdocs/wp-content/plugins/really-simple-captcha/really-simple-captcha.php on line 266
[18-Oct-2019 01:08:00 UTC] PHP Warning:  stat(): stat failed for /var/www/vhosts/thecolombianway.es/httpdocs/wp-content/uploads/wpcf7_captcha/2732998245.txt in /var/www/vhosts/thecolombianway.es/httpdocs/wp-content/plugins/really-simple-captcha/really-simple-captcha.php on line 266
[18-Oct-2019 06:11:58 UTC] PHP Warning:  stat(): stat failed for /var/www/vhosts/thecolombianway.es/httpdocs/wp-content/uploads/wpcf7_captcha/71909510.png in /var/www/vhosts/thecolombianway.es/httpdocs/wp-content/plugins/really-simple-captcha/really-simple-captcha.php on line 266
[21-Oct-2019 06:47:47 UTC] PHP Warning:  stripslashes() expects parameter 1 to be string, array given in /var/www/vhosts/thecolombianway.es/httpdocs/wp-content/themes/Avada/includes/lib/inc/fusion-app/helpers.php on line 22
[22-Oct-2019 01:14:56 UTC] PHP Warning:  stat(): stat failed for /var/www/vhosts/thecolombianway.es/httpdocs/wp-content/uploads/wpcf7_captcha/2192752916.txt in /var/www/vhosts/thecolombianway.es/httpdocs/wp-content/plugins/really-simple-captcha/really-simple-captcha.php on line 266
[24-Oct-2019 05:18:24 UTC] WordPress database error Deadlock found when trying to get lock; try restarting transaction for query DELETE FROM wp_postmeta WHERE meta_id IN( 16512 ) made by edit_post, wp_update_post, wp_insert_post, wp_transition_post_status, do_action('publish_post'), WP_Hook->do_action, WP_Hook->apply_filters, call_user_func_array, Sidebar_Generator->save_form, delete_post_meta, delete_metadata
[28-Oct-2019 19:13:28 UTC] WordPress database error Deadlock found when trying to get lock; try restarting transaction for query DELETE FROM wp_postmeta WHERE meta_id IN( 18114 ) made by require('wp-blog-header.php'), require_once('wp-includes/template-loader.php'), include('/themes/thecolombiantheme/templates/single-post.php'), get_header, locate_template, load_template, require_once('/themes/Avada/header.php'), wp_head, do_action('wp_head'), WP_Hook->do_action, WP_Hook->apply_filters, call_user_func_array, avada_set_post_views, delete_post_meta, delete_metadata
[01-Nov-2019 16:52:00 UTC] PHP Notice:  Undefined variable: result_suggestions in /var/www/vhosts/thecolombianway.es/httpdocs/wp-content/themes/Avada/includes/class-avada-init.php on line 593
[01-Nov-2019 16:54:29 UTC] PHP Notice:  Undefined variable: result_suggestions in /var/www/vhosts/thecolombianway.es/httpdocs/wp-content/themes/Avada/includes/class-avada-init.php on line 593
[01-Nov-2019 17:02:15 UTC] PHP Notice:  Undefined variable: result_suggestions in /var/www/vhosts/thecolombianway.es/httpdocs/wp-content/themes/Avada/includes/class-avada-init.php on line 593
[01-Nov-2019 17:02:19 UTC] PHP Notice:  Undefined variable: result_suggestions in /var/www/vhosts/thecolombianway.es/httpdocs/wp-content/themes/Avada/includes/class-avada-init.php on line 593
[01-Nov-2019 17:02:24 UTC] PHP Notice:  Undefined variable: result_suggestions in /var/www/vhosts/thecolombianway.es/httpdocs/wp-content/themes/Avada/includes/class-avada-init.php on line 593
[01-Nov-2019 17:02:36 UTC] PHP Notice:  Undefined variable: result_suggestions in /var/www/vhosts/thecolombianway.es/httpdocs/wp-content/themes/Avada/includes/class-avada-init.php on line 593
[01-Nov-2019 17:02:42 UTC] PHP Notice:  Undefined variable: result_suggestions in /var/www/vhosts/thecolombianway.es/httpdocs/wp-content/themes/Avada/includes/class-avada-init.php on line 593
[01-Nov-2019 22:02:23 UTC] PHP Notice:  Undefined variable: result_suggestions in /var/www/vhosts/thecolombianway.es/httpdocs/wp-content/themes/Avada/includes/class-avada-init.php on line 593
[01-Nov-2019 22:44:28 UTC] PHP Notice:  Undefined variable: result_suggestions in /var/www/vhosts/thecolombianway.es/httpdocs/wp-content/themes/Avada/includes/class-avada-init.php on line 593
[01-Nov-2019 22:44:31 UTC] PHP Notice:  Undefined variable: result_suggestions in /var/www/vhosts/thecolombianway.es/httpdocs/wp-content/themes/Avada/includes/class-avada-init.php on line 593
[01-Nov-2019 22:44:36 UTC] PHP Notice:  Undefined variable: result_suggestions in /var/www/vhosts/thecolombianway.es/httpdocs/wp-content/themes/Avada/includes/class-avada-init.php on line 593
[01-Nov-2019 22:44:50 UTC] PHP Notice:  Undefined variable: result_suggestions in /var/www/vhosts/thecolombianway.es/httpdocs/wp-content/themes/Avada/includes/class-avada-init.php on line 593
[01-Nov-2019 22:45:38 UTC] PHP Notice:  Undefined variable: result_suggestions in /var/www/vhosts/thecolombianway.es/httpdocs/wp-content/themes/Avada/includes/class-avada-init.php on line 593
[01-Nov-2019 22:45:45 UTC] PHP Notice:  Undefined variable: result_suggestions in /var/www/vhosts/thecolombianway.es/httpdocs/wp-content/themes/Avada/includes/class-avada-init.php on line 593
[01-Nov-2019 22:46:07 UTC] PHP Notice:  Undefined variable: result_suggestions in /var/www/vhosts/thecolombianway.es/httpdocs/wp-content/themes/Avada/includes/class-avada-init.php on line 593
[01-Nov-2019 22:46:22 UTC] PHP Notice:  Undefined variable: result_suggestions in /var/www/vhosts/thecolombianway.es/httpdocs/wp-content/themes/Avada/includes/class-avada-init.php on line 593
[01-Nov-2019 22:46:28 UTC] PHP Notice:  Undefined variable: result_suggestions in /var/www/vhosts/thecolombianway.es/httpdocs/wp-content/themes/Avada/includes/class-avada-init.php on line 593
[01-Nov-2019 22:46:30 UTC] PHP Notice:  Undefined variable: result_suggestions in /var/www/vhosts/thecolombianway.es/httpdocs/wp-content/themes/Avada/includes/class-avada-init.php on line 593
[02-Nov-2019 04:38:51 UTC] PHP Notice:  Undefined variable: result_suggestions in /var/www/vhosts/thecolombianway.es/httpdocs/wp-content/themes/Avada/includes/class-avada-init.php on line 593
[02-Nov-2019 04:58:07 UTC] PHP Notice:  Undefined variable: result_suggestions in /var/www/vhosts/thecolombianway.es/httpdocs/wp-content/themes/Avada/includes/class-avada-init.php on line 593
[02-Nov-2019 04:58:09 UTC] PHP Notice:  Undefined variable: result_suggestions in /var/www/vhosts/thecolombianway.es/httpdocs/wp-content/themes/Avada/includes/class-avada-init.php on line 593
[02-Nov-2019 04:59:54 UTC] PHP Notice:  Undefined variable: result_suggestions in /var/www/vhosts/thecolombianway.es/httpdocs/wp-content/themes/Avada/includes/class-avada-init.php on line 593
[02-Nov-2019 04:59:57 UTC] PHP Notice:  Undefined variable: result_suggestions in /var/www/vhosts/thecolombianway.es/httpdocs/wp-content/themes/Avada/includes/class-avada-init.php on line 593
[02-Nov-2019 05:00:22 UTC] PHP Notice:  Undefined variable: result_suggestions in /var/www/vhosts/thecolombianway.es/httpdocs/wp-content/themes/Avada/includes/class-avada-init.php on line 593
[02-Nov-2019 05:00:23 UTC] PHP Notice:  Undefined variable: result_suggestions in /var/www/vhosts/thecolombianway.es/httpdocs/wp-content/themes/Avada/includes/class-avada-init.php on line 593
[02-Nov-2019 05:00:36 UTC] PHP Notice:  Undefined variable: result_suggestions in /var/www/vhosts/thecolombianway.es/httpdocs/wp-content/themes/Avada/includes/class-avada-init.php on line 593
[02-Nov-2019 05:00:36 UTC] PHP Notice:  Undefined variable: result_suggestions in /var/www/vhosts/thecolombianway.es/httpdocs/wp-content/themes/Avada/includes/class-avada-init.php on line 593
[02-Nov-2019 05:04:53 UTC] PHP Notice:  Undefined variable: result_suggestions in /var/www/vhosts/thecolombianway.es/httpdocs/wp-content/themes/Avada/includes/class-avada-init.php on line 593
[02-Nov-2019 05:05:01 UTC] PHP Notice:  Undefined variable: result_suggestions in /var/www/vhosts/thecolombianway.es/httpdocs/wp-content/themes/Avada/includes/class-avada-init.php on line 593
[02-Nov-2019 05:05:16 UTC] PHP Notice:  Undefined variable: result_suggestions in /var/www/vhosts/thecolombianway.es/httpdocs/wp-content/themes/Avada/includes/class-avada-init.php on line 593
[02-Nov-2019 05:05:29 UTC] PHP Notice:  Undefined variable: result_suggestions in /var/www/vhosts/thecolombianway.es/httpdocs/wp-content/themes/Avada/includes/class-avada-init.php on line 593
[02-Nov-2019 05:06:04 UTC] PHP Notice:  Undefined variable: result_suggestions in /var/www/vhosts/thecolombianway.es/httpdocs/wp-content/themes/Avada/includes/class-avada-init.php on line 593
[02-Nov-2019 05:06:13 UTC] PHP Notice:  Undefined variable: result_suggestions in /var/www/vhosts/thecolombianway.es/httpdocs/wp-content/themes/Avada/includes/class-avada-init.php on line 593
[02-Nov-2019 05:17:09 UTC] PHP Notice:  Undefined variable: result_suggestions in /var/www/vhosts/thecolombianway.es/httpdocs/wp-content/themes/Avada/includes/class-avada-init.php on line 593
[02-Nov-2019 05:17:21 UTC] PHP Notice:  Undefined variable: result_suggestions in /var/www/vhosts/thecolombianway.es/httpdocs/wp-content/themes/Avada/includes/class-avada-init.php on line 593
[02-Nov-2019 05:21:16 UTC] PHP Notice:  Undefined variable: result_suggestions in /var/www/vhosts/thecolombianway.es/httpdocs/wp-content/themes/Avada/includes/class-avada-init.php on line 593
[02-Nov-2019 05:21:17 UTC] PHP Notice:  Undefined variable: result_suggestions in /var/www/vhosts/thecolombianway.es/httpdocs/wp-content/themes/Avada/includes/class-avada-init.php on line 593
[02-Nov-2019 05:21:29 UTC] PHP Notice:  Undefined variable: result_suggestions in /var/www/vhosts/thecolombianway.es/httpdocs/wp-content/themes/Avada/includes/class-avada-init.php on line 593
[02-Nov-2019 05:21:49 UTC] PHP Notice:  Undefined variable: result_suggestions in /var/www/vhosts/thecolombianway.es/httpdocs/wp-content/themes/Avada/includes/class-avada-init.php on line 593
[02-Nov-2019 05:21:51 UTC] PHP Notice:  Undefined variable: result_suggestions in /var/www/vhosts/thecolombianway.es/httpdocs/wp-content/themes/Avada/includes/class-avada-init.php on line 593
[02-Nov-2019 05:24:31 UTC] PHP Notice:  Undefined variable: result_suggestions in /var/www/vhosts/thecolombianway.es/httpdocs/wp-content/themes/Avada/includes/class-avada-init.php on line 593
[02-Nov-2019 05:37:06 UTC] PHP Notice:  Undefined variable: result_suggestions in /var/www/vhosts/thecolombianway.es/httpdocs/wp-content/themes/Avada/includes/class-avada-init.php on line 593
[02-Nov-2019 05:39:25 UTC] PHP Notice:  Undefined variable: result_suggestions in /var/www/vhosts/thecolombianway.es/httpdocs/wp-content/themes/Avada/includes/class-avada-init.php on line 593
[02-Nov-2019 06:19:27 UTC] PHP Notice:  Undefined variable: result_suggestions in /var/www/vhosts/thecolombianway.es/httpdocs/wp-content/themes/Avada/includes/class-avada-init.php on line 593
[02-Nov-2019 06:22:42 UTC] PHP Warning:  stat(): stat failed for /var/www/vhosts/thecolombianway.es/httpdocs/wp-content/uploads/wpcf7_captcha/1344052121.png in /var/www/vhosts/thecolombianway.es/httpdocs/wp-content/plugins/really-simple-captcha/really-simple-captcha.php on line 266
[02-Nov-2019 06:30:19 UTC] PHP Notice:  Undefined variable: result_suggestions in /var/www/vhosts/thecolombianway.es/httpdocs/wp-content/themes/Avada/includes/class-avada-init.php on line 593
[02-Nov-2019 06:42:38 UTC] PHP Notice:  Undefined variable: result_suggestions in /var/www/vhosts/thecolombianway.es/httpdocs/wp-content/themes/Avada/includes/class-avada-init.php on line 593
[02-Nov-2019 06:43:15 UTC] PHP Notice:  Undefined variable: result_suggestions in /var/www/vhosts/thecolombianway.es/httpdocs/wp-content/themes/Avada/includes/class-avada-init.php on line 593
[02-Nov-2019 06:43:20 UTC] PHP Notice:  Undefined variable: result_suggestions in /var/www/vhosts/thecolombianway.es/httpdocs/wp-content/themes/Avada/includes/class-avada-init.php on line 593
[02-Nov-2019 06:43:24 UTC] PHP Notice:  Undefined variable: result_suggestions in /var/www/vhosts/thecolombianway.es/httpdocs/wp-content/themes/Avada/includes/class-avada-init.php on line 593
[02-Nov-2019 06:43:27 UTC] PHP Notice:  Undefined variable: result_suggestions in /var/www/vhosts/thecolombianway.es/httpdocs/wp-content/themes/Avada/includes/class-avada-init.php on line 593
[02-Nov-2019 06:43:30 UTC] PHP Notice:  Undefined variable: result_suggestions in /var/www/vhosts/thecolombianway.es/httpdocs/wp-content/themes/Avada/includes/class-avada-init.php on line 593
[02-Nov-2019 06:44:10 UTC] PHP Notice:  Undefined variable: result_suggestions in /var/www/vhosts/thecolombianway.es/httpdocs/wp-content/themes/Avada/includes/class-avada-init.php on line 593
[02-Nov-2019 06:44:11 UTC] PHP Notice:  Undefined variable: result_suggestions in /var/www/vhosts/thecolombianway.es/httpdocs/wp-content/themes/Avada/includes/class-avada-init.php on line 593
[02-Nov-2019 06:44:12 UTC] PHP Notice:  Undefined variable: result_suggestions in /var/www/vhosts/thecolombianway.es/httpdocs/wp-content/themes/Avada/includes/class-avada-init.php on line 593
[02-Nov-2019 06:44:46 UTC] PHP Notice:  Undefined variable: result_suggestions in /var/www/vhosts/thecolombianway.es/httpdocs/wp-content/themes/Avada/includes/class-avada-init.php on line 593
[02-Nov-2019 06:44:47 UTC] PHP Notice:  Undefined variable: result_suggestions in /var/www/vhosts/thecolombianway.es/httpdocs/wp-content/themes/Avada/includes/class-avada-init.php on line 593
[02-Nov-2019 06:44:48 UTC] PHP Notice:  Undefined variable: result_suggestions in /var/www/vhosts/thecolombianway.es/httpdocs/wp-content/themes/Avada/includes/class-avada-init.php on line 593
[02-Nov-2019 06:53:08 UTC] PHP Notice:  Undefined variable: result_suggestions in /var/www/vhosts/thecolombianway.es/httpdocs/wp-content/themes/Avada/includes/class-avada-init.php on line 593
[02-Nov-2019 20:30:45 UTC] PHP Notice:  Undefined variable: result_suggestions in /var/www/vhosts/thecolombianway.es/httpdocs/wp-content/themes/Avada/includes/class-avada-init.php on line 593
[02-Nov-2019 20:30:46 UTC] PHP Notice:  Undefined variable: result_suggestions in /var/www/vhosts/thecolombianway.es/httpdocs/wp-content/themes/Avada/includes/class-avada-init.php on line 593
[02-Nov-2019 20:30:47 UTC] PHP Notice:  Undefined variable: result_suggestions in /var/www/vhosts/thecolombianway.es/httpdocs/wp-content/themes/Avada/includes/class-avada-init.php on line 593
[02-Nov-2019 21:50:46 UTC] PHP Notice:  Undefined variable: result_suggestions in /var/www/vhosts/thecolombianway.es/httpdocs/wp-content/themes/Avada/includes/class-avada-init.php on line 593
[03-Nov-2019 01:38:39 UTC] PHP Notice:  Undefined variable: result_suggestions in /var/www/vhosts/thecolombianway.es/httpdocs/wp-content/themes/Avada/includes/class-avada-init.php on line 593
[03-Nov-2019 01:38:39 UTC] PHP Notice:  Undefined variable: result_suggestions in /var/www/vhosts/thecolombianway.es/httpdocs/wp-content/themes/Avada/includes/class-avada-init.php on line 593
[03-Nov-2019 03:56:50 UTC] PHP Warning:  stat(): stat failed for /var/www/vhosts/thecolombianway.es/httpdocs/wp-content/uploads/wpcf7_captcha/809262214.txt in /var/www/vhosts/thecolombianway.es/httpdocs/wp-content/plugins/really-simple-captcha/really-simple-captcha.php on line 266
[03-Nov-2019 06:04:58 UTC] PHP Notice:  Undefined variable: result_suggestions in /var/www/vhosts/thecolombianway.es/httpdocs/wp-content/themes/Avada/includes/class-avada-init.php on line 593
[03-Nov-2019 06:05:01 UTC] PHP Notice:  Undefined variable: result_suggestions in /var/www/vhosts/thecolombianway.es/httpdocs/wp-content/themes/Avada/includes/class-avada-init.php on line 593
[03-Nov-2019 06:05:03 UTC] PHP Notice:  Undefined variable: result_suggestions in /var/www/vhosts/thecolombianway.es/httpdocs/wp-content/themes/Avada/includes/class-avada-init.php on line 593
[03-Nov-2019 06:05:07 UTC] PHP Notice:  Undefined variable: result_suggestions in /var/www/vhosts/thecolombianway.es/httpdocs/wp-content/themes/Avada/includes/class-avada-init.php on line 593
[03-Nov-2019 06:11:18 UTC] PHP Notice:  Undefined variable: result_suggestions in /var/www/vhosts/thecolombianway.es/httpdocs/wp-content/themes/Avada/includes/class-avada-init.php on line 593
[03-Nov-2019 06:19:34 UTC] PHP Notice:  Undefined variable: result_suggestions in /var/www/vhosts/thecolombianway.es/httpdocs/wp-content/themes/Avada/includes/class-avada-init.php on line 593
[03-Nov-2019 07:19:52 UTC] PHP Notice:  Undefined variable: result_suggestions in /var/www/vhosts/thecolombianway.es/httpdocs/wp-content/themes/Avada/includes/class-avada-init.php on line 593
[03-Nov-2019 16:42:56 UTC] PHP Notice:  Undefined variable: result_suggestions in /var/www/vhosts/thecolombianway.es/httpdocs/wp-content/themes/Avada/includes/class-avada-init.php on line 593
[03-Nov-2019 20:03:18 UTC] PHP Notice:  Undefined variable: result_suggestions in /var/www/vhosts/thecolombianway.es/httpdocs/wp-content/themes/Avada/includes/class-avada-init.php on line 593
[03-Nov-2019 22:22:35 UTC] PHP Notice:  Undefined variable: result_suggestions in /var/www/vhosts/thecolombianway.es/httpdocs/wp-content/themes/Avada/includes/class-avada-init.php on line 593
[03-Nov-2019 22:22:35 UTC] PHP Notice:  Undefined variable: result_suggestions in /var/www/vhosts/thecolombianway.es/httpdocs/wp-content/themes/Avada/includes/class-avada-init.php on line 593
[03-Nov-2019 22:22:36 UTC] PHP Notice:  Undefined variable: result_suggestions in /var/www/vhosts/thecolombianway.es/httpdocs/wp-content/themes/Avada/includes/class-avada-init.php on line 593
[04-Nov-2019 00:42:44 UTC] PHP Notice:  Undefined variable: result_suggestions in /var/www/vhosts/thecolombianway.es/httpdocs/wp-content/themes/Avada/includes/class-avada-init.php on line 593
[04-Nov-2019 02:10:20 UTC] PHP Notice:  Undefined variable: result_suggestions in /var/www/vhosts/thecolombianway.es/httpdocs/wp-content/themes/Avada/includes/class-avada-init.php on line 593
[04-Nov-2019 02:17:03 UTC] PHP Notice:  Undefined variable: result_suggestions in /var/www/vhosts/thecolombianway.es/httpdocs/wp-content/themes/Avada/includes/class-avada-init.php on line 593
[04-Nov-2019 02:17:16 UTC] PHP Notice:  Undefined variable: result_suggestions in /var/www/vhosts/thecolombianway.es/httpdocs/wp-content/themes/Avada/includes/class-avada-init.php on line 593
[04-Nov-2019 02:33:51 UTC] PHP Notice:  Undefined variable: result_suggestions in /var/www/vhosts/thecolombianway.es/httpdocs/wp-content/themes/Avada/includes/class-avada-init.php on line 593
[04-Nov-2019 03:46:27 UTC] PHP Notice:  Undefined variable: result_suggestions in /var/www/vhosts/thecolombianway.es/httpdocs/wp-content/themes/Avada/includes/class-avada-init.php on line 593
[04-Nov-2019 03:46:30 UTC] PHP Notice:  Undefined variable: result_suggestions in /var/www/vhosts/thecolombianway.es/httpdocs/wp-content/themes/Avada/includes/class-avada-init.php on line 593
[04-Nov-2019 04:34:28 UTC] PHP Notice:  Undefined variable: result_suggestions in /var/www/vhosts/thecolombianway.es/httpdocs/wp-content/themes/Avada/includes/class-avada-init.php on line 593
[04-Nov-2019 04:34:31 UTC] PHP Notice:  Undefined variable: result_suggestions in /var/www/vhosts/thecolombianway.es/httpdocs/wp-content/themes/Avada/includes/class-avada-init.php on line 593
[04-Nov-2019 04:37:47 UTC] PHP Notice:  Undefined variable: result_suggestions in /var/www/vhosts/thecolombianway.es/httpdocs/wp-content/themes/Avada/includes/class-avada-init.php on line 593
[04-Nov-2019 04:37:47 UTC] PHP Notice:  Undefined variable: result_suggestions in /var/www/vhosts/thecolombianway.es/httpdocs/wp-content/themes/Avada/includes/class-avada-init.php on line 593
[04-Nov-2019 04:39:37 UTC] PHP Notice:  Undefined variable: result_suggestions in /var/www/vhosts/thecolombianway.es/httpdocs/wp-content/themes/Avada/includes/class-avada-init.php on line 593
[04-Nov-2019 04:39:40 UTC] PHP Notice:  Undefined variable: result_suggestions in /var/www/vhosts/thecolombianway.es/httpdocs/wp-content/themes/Avada/includes/class-avada-init.php on line 593
[04-Nov-2019 04:54:42 UTC] PHP Notice:  Undefined variable: result_suggestions in /var/www/vhosts/thecolombianway.es/httpdocs/wp-content/themes/Avada/includes/class-avada-init.php on line 593
[04-Nov-2019 04:54:43 UTC] PHP Notice:  Undefined variable: result_suggestions in /var/www/vhosts/thecolombianway.es/httpdocs/wp-content/themes/Avada/includes/class-avada-init.php on line 593
[04-Nov-2019 04:54:47 UTC] PHP Notice:  Undefined variable: result_suggestions in /var/www/vhosts/thecolombianway.es/httpdocs/wp-content/themes/Avada/includes/class-avada-init.php on line 593
[04-Nov-2019 05:01:21 UTC] PHP Notice:  Undefined variable: result_suggestions in /var/www/vhosts/thecolombianway.es/httpdocs/wp-content/themes/Avada/includes/class-avada-init.php on line 593
[04-Nov-2019 05:01:31 UTC] PHP Notice:  Undefined variable: result_suggestions in /var/www/vhosts/thecolombianway.es/httpdocs/wp-content/themes/Avada/includes/class-avada-init.php on line 593
[04-Nov-2019 05:10:54 UTC] PHP Notice:  Undefined variable: result_suggestions in /var/www/vhosts/thecolombianway.es/httpdocs/wp-content/themes/Avada/includes/class-avada-init.php on line 593
[04-Nov-2019 05:14:38 UTC] PHP Notice:  Undefined variable: result_suggestions in /var/www/vhosts/thecolombianway.es/httpdocs/wp-content/themes/Avada/includes/class-avada-init.php on line 593
[04-Nov-2019 05:16:38 UTC] PHP Notice:  Undefined variable: result_suggestions in /var/www/vhosts/thecolombianway.es/httpdocs/wp-content/themes/Avada/includes/class-avada-init.php on line 593
[04-Nov-2019 05:18:45 UTC] PHP Notice:  Undefined variable: result_suggestions in /var/www/vhosts/thecolombianway.es/httpdocs/wp-content/themes/Avada/includes/class-avada-init.php on line 593
[04-Nov-2019 05:33:49 UTC] PHP Notice:  Undefined variable: result_suggestions in /var/www/vhosts/thecolombianway.es/httpdocs/wp-content/themes/Avada/includes/class-avada-init.php on line 593
[04-Nov-2019 05:34:58 UTC] PHP Notice:  Undefined variable: result_suggestions in /var/www/vhosts/thecolombianway.es/httpdocs/wp-content/themes/Avada/includes/class-avada-init.php on line 593
[04-Nov-2019 05:39:42 UTC] PHP Notice:  Undefined variable: result_suggestions in /var/www/vhosts/thecolombianway.es/httpdocs/wp-content/themes/Avada/includes/class-avada-init.php on line 593
[04-Nov-2019 05:39:44 UTC] PHP Notice:  Undefined variable: result_suggestions in /var/www/vhosts/thecolombianway.es/httpdocs/wp-content/themes/Avada/includes/class-avada-init.php on line 593
[04-Nov-2019 05:39:44 UTC] PHP Notice:  Undefined variable: result_suggestions in /var/www/vhosts/thecolombianway.es/httpdocs/wp-content/themes/Avada/includes/class-avada-init.php on line 593
[04-Nov-2019 05:39:47 UTC] PHP Notice:  Undefined variable: result_suggestions in /var/www/vhosts/thecolombianway.es/httpdocs/wp-content/themes/Avada/includes/class-avada-init.php on line 593
[04-Nov-2019 05:39:49 UTC] PHP Notice:  Undefined variable: result_suggestions in /var/www/vhosts/thecolombianway.es/httpdocs/wp-content/themes/Avada/includes/class-avada-init.php on line 593
[04-Nov-2019 05:40:03 UTC] PHP Notice:  Undefined variable: result_suggestions in /var/www/vhosts/thecolombianway.es/httpdocs/wp-content/themes/Avada/includes/class-avada-init.php on line 593
[04-Nov-2019 05:40:09 UTC] PHP Notice:  Undefined variable: result_suggestions in /var/www/vhosts/thecolombianway.es/httpdocs/wp-content/themes/Avada/includes/class-avada-init.php on line 593
[04-Nov-2019 05:40:12 UTC] PHP Notice:  Undefined variable: result_suggestions in /var/www/vhosts/thecolombianway.es/httpdocs/wp-content/themes/Avada/includes/class-avada-init.php on line 593
[04-Nov-2019 05:40:57 UTC] PHP Notice:  Undefined variable: result_suggestions in /var/www/vhosts/thecolombianway.es/httpdocs/wp-content/themes/Avada/includes/class-avada-init.php on line 593
[04-Nov-2019 05:40:58 UTC] PHP Notice:  Undefined variable: result_suggestions in /var/www/vhosts/thecolombianway.es/httpdocs/wp-content/themes/Avada/includes/class-avada-init.php on line 593
[04-Nov-2019 05:50:47 UTC] PHP Notice:  Undefined variable: result_suggestions in /var/www/vhosts/thecolombianway.es/httpdocs/wp-content/themes/Avada/includes/class-avada-init.php on line 593
[04-Nov-2019 05:50:50 UTC] PHP Notice:  Undefined variable: result_suggestions in /var/www/vhosts/thecolombianway.es/httpdocs/wp-content/themes/Avada/includes/class-avada-init.php on line 593
[04-Nov-2019 05:50:51 UTC] PHP Notice:  Undefined variable: result_suggestions in /var/www/vhosts/thecolombianway.es/httpdocs/wp-content/themes/Avada/includes/class-avada-init.php on line 593
[04-Nov-2019 05:51:04 UTC] PHP Notice:  Undefined variable: result_suggestions in /var/www/vhosts/thecolombianway.es/httpdocs/wp-content/themes/Avada/includes/class-avada-init.php on line 593
[04-Nov-2019 06:02:18 UTC] PHP Notice:  Undefined variable: result_suggestions in /var/www/vhosts/thecolombianway.es/httpdocs/wp-content/themes/Avada/includes/class-avada-init.php on line 593
[04-Nov-2019 06:15:36 UTC] PHP Notice:  Undefined variable: result_suggestions in /var/www/vhosts/thecolombianway.es/httpdocs/wp-content/themes/Avada/includes/class-avada-init.php on line 593
[04-Nov-2019 06:15:41 UTC] PHP Notice:  Undefined variable: result_suggestions in /var/www/vhosts/thecolombianway.es/httpdocs/wp-content/themes/Avada/includes/class-avada-init.php on line 593
[04-Nov-2019 06:15:44 UTC] PHP Notice:  Undefined variable: result_suggestions in /var/www/vhosts/thecolombianway.es/httpdocs/wp-content/themes/Avada/includes/class-avada-init.php on line 593
[04-Nov-2019 06:15:54 UTC] PHP Notice:  Undefined variable: result_suggestions in /var/www/vhosts/thecolombianway.es/httpdocs/wp-content/themes/Avada/includes/class-avada-init.php on line 593
[04-Nov-2019 06:16:00 UTC] PHP Notice:  Undefined variable: result_suggestions in /var/www/vhosts/thecolombianway.es/httpdocs/wp-content/themes/Avada/includes/class-avada-init.php on line 593
[04-Nov-2019 06:16:48 UTC] PHP Notice:  Undefined variable: result_suggestions in /var/www/vhosts/thecolombianway.es/httpdocs/wp-content/themes/Avada/includes/class-avada-init.php on line 593
[04-Nov-2019 06:16:52 UTC] PHP Notice:  Undefined variable: result_suggestions in /var/www/vhosts/thecolombianway.es/httpdocs/wp-content/themes/Avada/includes/class-avada-init.php on line 593
[04-Nov-2019 06:16:54 UTC] PHP Notice:  Undefined variable: result_suggestions in /var/www/vhosts/thecolombianway.es/httpdocs/wp-content/themes/Avada/includes/class-avada-init.php on line 593
[04-Nov-2019 06:19:19 UTC] PHP Notice:  Undefined variable: result_suggestions in /var/www/vhosts/thecolombianway.es/httpdocs/wp-content/themes/Avada/includes/class-avada-init.php on line 593
[04-Nov-2019 06:26:25 UTC] PHP Notice:  Undefined variable: result_suggestions in /var/www/vhosts/thecolombianway.es/httpdocs/wp-content/themes/Avada/includes/class-avada-init.php on line 593
[04-Nov-2019 15:22:10 UTC] PHP Notice:  Undefined variable: result_suggestions in /var/www/vhosts/thecolombianway.es/httpdocs/wp-content/themes/Avada/includes/class-avada-init.php on line 593
[04-Nov-2019 15:24:09 UTC] PHP Notice:  Undefined variable: result_suggestions in /var/www/vhosts/thecolombianway.es/httpdocs/wp-content/themes/Avada/includes/class-avada-init.php on line 593
[04-Nov-2019 15:24:10 UTC] PHP Notice:  Undefined variable: result_suggestions in /var/www/vhosts/thecolombianway.es/httpdocs/wp-content/themes/Avada/includes/class-avada-init.php on line 593
[04-Nov-2019 17:40:48 UTC] PHP Notice:  Undefined variable: result_suggestions in /var/www/vhosts/thecolombianway.es/httpdocs/wp-content/themes/Avada/includes/class-avada-init.php on line 593
[05-Nov-2019 02:17:34 UTC] PHP Notice:  Undefined variable: result_suggestions in /var/www/vhosts/thecolombianway.es/httpdocs/wp-content/themes/Avada/includes/class-avada-init.php on line 593
[05-Nov-2019 04:42:52 UTC] PHP Warning:  stat(): stat failed for /var/www/vhosts/thecolombianway.es/httpdocs/wp-content/uploads/wpcf7_captcha/648903960.txt in /var/www/vhosts/thecolombianway.es/httpdocs/wp-content/plugins/really-simple-captcha/really-simple-captcha.php on line 266
[06-Nov-2019 02:37:30 UTC] PHP Notice:  Undefined variable: result_suggestions in /var/www/vhosts/thecolombianway.es/httpdocs/wp-content/themes/Avada/includes/class-avada-init.php on line 593
[06-Nov-2019 02:47:22 UTC] PHP Notice:  Undefined variable: result_suggestions in /var/www/vhosts/thecolombianway.es/httpdocs/wp-content/themes/Avada/includes/class-avada-init.php on line 593
[06-Nov-2019 04:35:17 UTC] PHP Notice:  Undefined variable: result_suggestions in /var/www/vhosts/thecolombianway.es/httpdocs/wp-content/themes/Avada/includes/class-avada-init.php on line 593
[06-Nov-2019 04:37:56 UTC] PHP Notice:  Undefined variable: result_suggestions in /var/www/vhosts/thecolombianway.es/httpdocs/wp-content/themes/Avada/includes/class-avada-init.php on line 593
[06-Nov-2019 04:38:52 UTC] PHP Notice:  Undefined variable: result_suggestions in /var/www/vhosts/thecolombianway.es/httpdocs/wp-content/themes/Avada/includes/class-avada-init.php on line 593
[06-Nov-2019 05:50:26 UTC] PHP Notice:  Undefined variable: result_suggestions in /var/www/vhosts/thecolombianway.es/httpdocs/wp-content/themes/Avada/includes/class-avada-init.php on line 593
[06-Nov-2019 07:44:34 UTC] PHP Notice:  Undefined variable: result_suggestions in /var/www/vhosts/thecolombianway.es/httpdocs/wp-content/themes/Avada/includes/class-avada-init.php on line 593
[06-Nov-2019 07:46:16 UTC] PHP Notice:  Undefined variable: result_suggestions in /var/www/vhosts/thecolombianway.es/httpdocs/wp-content/themes/Avada/includes/class-avada-init.php on line 593
[06-Nov-2019 07:50:39 UTC] PHP Notice:  Undefined variable: result_suggestions in /var/www/vhosts/thecolombianway.es/httpdocs/wp-content/themes/Avada/includes/class-avada-init.php on line 593
[06-Nov-2019 22:18:55 UTC] PHP Notice:  Undefined variable: result_suggestions in /var/www/vhosts/thecolombianway.es/httpdocs/wp-content/themes/Avada/includes/class-avada-init.php on line 593
[07-Nov-2019 00:39:17 UTC] PHP Notice:  Undefined variable: result_suggestions in /var/www/vhosts/thecolombianway.es/httpdocs/wp-content/themes/Avada/includes/class-avada-init.php on line 593
[07-Nov-2019 00:59:24 UTC] PHP Notice:  Undefined variable: result_suggestions in /var/www/vhosts/thecolombianway.es/httpdocs/wp-content/themes/Avada/includes/class-avada-init.php on line 593
[07-Nov-2019 18:14:28 UTC] PHP Notice:  Undefined variable: result_suggestions in /var/www/vhosts/thecolombianway.es/httpdocs/wp-content/themes/Avada/includes/class-avada-init.php on line 593
[08-Nov-2019 04:36:54 UTC] PHP Notice:  Undefined variable: result_suggestions in /var/www/vhosts/thecolombianway.es/httpdocs/wp-content/themes/Avada/includes/class-avada-init.php on line 593
[08-Nov-2019 04:36:56 UTC] PHP Notice:  Undefined variable: result_suggestions in /var/www/vhosts/thecolombianway.es/httpdocs/wp-content/themes/Avada/includes/class-avada-init.php on line 593
[08-Nov-2019 18:25:37 UTC] PHP Notice:  Undefined variable: result_suggestions in /var/www/vhosts/thecolombianway.es/httpdocs/wp-content/themes/Avada/includes/class-avada-init.php on line 593
[09-Nov-2019 02:01:26 UTC] PHP Notice:  Undefined variable: result_suggestions in /var/www/vhosts/thecolombianway.es/httpdocs/wp-content/themes/Avada/includes/class-avada-init.php on line 593
[09-Nov-2019 04:23:56 UTC] PHP Warning:  stat(): stat failed for /var/www/vhosts/thecolombianway.es/httpdocs/wp-content/uploads/wpcf7_captcha/3118193283.txt in /var/www/vhosts/thecolombianway.es/httpdocs/wp-content/plugins/really-simple-captcha/really-simple-captcha.php on line 266
[09-Nov-2019 04:54:58 UTC] PHP Notice:  Undefined variable: result_suggestions in /var/www/vhosts/thecolombianway.es/httpdocs/wp-content/themes/Avada/includes/class-avada-init.php on line 593
[09-Nov-2019 18:29:17 UTC] PHP Notice:  Undefined variable: result_suggestions in /var/www/vhosts/thecolombianway.es/httpdocs/wp-content/themes/Avada/includes/class-avada-init.php on line 593
[09-Nov-2019 18:29:22 UTC] PHP Notice:  Undefined variable: result_suggestions in /var/www/vhosts/thecolombianway.es/httpdocs/wp-content/themes/Avada/includes/class-avada-init.php on line 593
[09-Nov-2019 18:29:23 UTC] PHP Notice:  Undefined variable: result_suggestions in /var/www/vhosts/thecolombianway.es/httpdocs/wp-content/themes/Avada/includes/class-avada-init.php on line 593
[09-Nov-2019 18:29:38 UTC] PHP Notice:  Undefined variable: result_suggestions in /var/www/vhosts/thecolombianway.es/httpdocs/wp-content/themes/Avada/includes/class-avada-init.php on line 593
[09-Nov-2019 19:30:58 UTC] PHP Notice:  Undefined variable: result_suggestions in /var/www/vhosts/thecolombianway.es/httpdocs/wp-content/themes/Avada/includes/class-avada-init.php on line 593
[09-Nov-2019 19:30:59 UTC] PHP Notice:  Undefined variable: result_suggestions in /var/www/vhosts/thecolombianway.es/httpdocs/wp-content/themes/Avada/includes/class-avada-init.php on line 593
[09-Nov-2019 19:47:28 UTC] PHP Notice:  Undefined variable: result_suggestions in /var/www/vhosts/thecolombianway.es/httpdocs/wp-content/themes/Avada/includes/class-avada-init.php on line 593
[09-Nov-2019 19:47:29 UTC] PHP Notice:  Undefined variable: result_suggestions in /var/www/vhosts/thecolombianway.es/httpdocs/wp-content/themes/Avada/includes/class-avada-init.php on line 593
[09-Nov-2019 19:47:30 UTC] PHP Notice:  Undefined variable: result_suggestions in /var/www/vhosts/thecolombianway.es/httpdocs/wp-content/themes/Avada/includes/class-avada-init.php on line 593
[09-Nov-2019 23:05:18 UTC] PHP Warning:  stat(): stat failed for /var/www/vhosts/thecolombianway.es/httpdocs/wp-content/uploads/wpcf7_captcha/3208376202.png in /var/www/vhosts/thecolombianway.es/httpdocs/wp-content/plugins/really-simple-captcha/really-simple-captcha.php on line 266
[10-Nov-2019 00:58:34 UTC] PHP Notice:  Undefined variable: result_suggestions in /var/www/vhosts/thecolombianway.es/httpdocs/wp-content/themes/Avada/includes/class-avada-init.php on line 593
[10-Nov-2019 01:14:48 UTC] PHP Notice:  Undefined variable: result_suggestions in /var/www/vhosts/thecolombianway.es/httpdocs/wp-content/themes/Avada/includes/class-avada-init.php on line 593
[10-Nov-2019 01:26:58 UTC] PHP Notice:  Undefined variable: result_suggestions in /var/www/vhosts/thecolombianway.es/httpdocs/wp-content/themes/Avada/includes/class-avada-init.php on line 593
[10-Nov-2019 01:29:31 UTC] PHP Notice:  Undefined variable: result_suggestions in /var/www/vhosts/thecolombianway.es/httpdocs/wp-content/themes/Avada/includes/class-avada-init.php on line 593
[10-Nov-2019 03:19:19 UTC] PHP Notice:  Undefined variable: result_suggestions in /var/www/vhosts/thecolombianway.es/httpdocs/wp-content/themes/Avada/includes/class-avada-init.php on line 593
[10-Nov-2019 04:28:54 UTC] PHP Notice:  Undefined variable: result_suggestions in /var/www/vhosts/thecolombianway.es/httpdocs/wp-content/themes/Avada/includes/class-avada-init.php on line 593
[10-Nov-2019 05:24:55 UTC] PHP Notice:  Undefined variable: result_suggestions in /var/www/vhosts/thecolombianway.es/httpdocs/wp-content/themes/Avada/includes/class-avada-init.php on line 593
[10-Nov-2019 12:31:28 UTC] PHP Notice:  Undefined variable: result_suggestions in /var/www/vhosts/thecolombianway.es/httpdocs/wp-content/themes/Avada/includes/class-avada-init.php on line 593
[10-Nov-2019 12:40:22 UTC] PHP Notice:  Undefined variable: result_suggestions in /var/www/vhosts/thecolombianway.es/httpdocs/wp-content/themes/Avada/includes/class-avada-init.php on line 593
[10-Nov-2019 12:40:23 UTC] PHP Notice:  Undefined variable: result_suggestions in /var/www/vhosts/thecolombianway.es/httpdocs/wp-content/themes/Avada/includes/class-avada-init.php on line 593
[10-Nov-2019 12:40:25 UTC] PHP Notice:  Undefined variable: result_suggestions in /var/www/vhosts/thecolombianway.es/httpdocs/wp-content/themes/Avada/includes/class-avada-init.php on line 593
[10-Nov-2019 14:14:41 UTC] PHP Notice:  Undefined variable: result_suggestions in /var/www/vhosts/thecolombianway.es/httpdocs/wp-content/themes/Avada/includes/class-avada-init.php on line 593
[10-Nov-2019 14:16:31 UTC] PHP Notice:  Undefined variable: result_suggestions in /var/www/vhosts/thecolombianway.es/httpdocs/wp-content/themes/Avada/includes/class-avada-init.php on line 593
[10-Nov-2019 14:19:29 UTC] PHP Notice:  Undefined variable: result_suggestions in /var/www/vhosts/thecolombianway.es/httpdocs/wp-content/themes/Avada/includes/class-avada-init.php on line 593
[10-Nov-2019 14:23:41 UTC] PHP Notice:  Undefined variable: result_suggestions in /var/www/vhosts/thecolombianway.es/httpdocs/wp-content/themes/Avada/includes/class-avada-init.php on line 593
[10-Nov-2019 14:23:54 UTC] PHP Notice:  Undefined variable: result_suggestions in /var/www/vhosts/thecolombianway.es/httpdocs/wp-content/themes/Avada/includes/class-avada-init.php on line 593
[10-Nov-2019 14:24:32 UTC] PHP Notice:  Undefined variable: result_suggestions in /var/www/vhosts/thecolombianway.es/httpdocs/wp-content/themes/Avada/includes/class-avada-init.php on line 593
[10-Nov-2019 14:24:49 UTC] PHP Notice:  Undefined variable: result_suggestions in /var/www/vhosts/thecolombianway.es/httpdocs/wp-content/themes/Avada/includes/class-avada-init.php on line 593
[10-Nov-2019 14:34:08 UTC] PHP Notice:  Undefined variable: result_suggestions in /var/www/vhosts/thecolombianway.es/httpdocs/wp-content/themes/Avada/includes/class-avada-init.php on line 593
[10-Nov-2019 14:34:17 UTC] PHP Notice:  Undefined variable: result_suggestions in /var/www/vhosts/thecolombianway.es/httpdocs/wp-content/themes/Avada/includes/class-avada-init.php on line 593
[10-Nov-2019 16:11:45 UTC] PHP Notice:  Undefined variable: result_suggestions in /var/www/vhosts/thecolombianway.es/httpdocs/wp-content/themes/Avada/includes/class-avada-init.php on line 593
[10-Nov-2019 16:12:16 UTC] PHP Notice:  Undefined variable: result_suggestions in /var/www/vhosts/thecolombianway.es/httpdocs/wp-content/themes/Avada/includes/class-avada-init.php on line 593
[10-Nov-2019 16:15:28 UTC] PHP Notice:  Undefined variable: result_suggestions in /var/www/vhosts/thecolombianway.es/httpdocs/wp-content/themes/Avada/includes/class-avada-init.php on line 593
[10-Nov-2019 16:15:53 UTC] PHP Notice:  Undefined variable: result_suggestions in /var/www/vhosts/thecolombianway.es/httpdocs/wp-content/themes/Avada/includes/class-avada-init.php on line 593
[10-Nov-2019 16:16:06 UTC] PHP Notice:  Undefined variable: result_suggestions in /var/www/vhosts/thecolombianway.es/httpdocs/wp-content/themes/Avada/includes/class-avada-init.php on line 593
[10-Nov-2019 16:16:09 UTC] PHP Notice:  Undefined variable: result_suggestions in /var/www/vhosts/thecolombianway.es/httpdocs/wp-content/themes/Avada/includes/class-avada-init.php on line 593
[10-Nov-2019 16:18:07 UTC] PHP Notice:  Undefined variable: result_suggestions in /var/www/vhosts/thecolombianway.es/httpdocs/wp-content/themes/Avada/includes/class-avada-init.php on line 593
[10-Nov-2019 16:18:07 UTC] PHP Notice:  Undefined variable: result_suggestions in /var/www/vhosts/thecolombianway.es/httpdocs/wp-content/themes/Avada/includes/class-avada-init.php on line 593
[10-Nov-2019 16:19:34 UTC] PHP Notice:  Undefined variable: result_suggestions in /var/www/vhosts/thecolombianway.es/httpdocs/wp-content/themes/Avada/includes/class-avada-init.php on line 593
[10-Nov-2019 16:19:59 UTC] PHP Notice:  Undefined variable: result_suggestions in /var/www/vhosts/thecolombianway.es/httpdocs/wp-content/themes/Avada/includes/class-avada-init.php on line 593
[10-Nov-2019 16:20:03 UTC] PHP Notice:  Undefined variable: result_suggestions in /var/www/vhosts/thecolombianway.es/httpdocs/wp-content/themes/Avada/includes/class-avada-init.php on line 593
[10-Nov-2019 16:20:13 UTC] PHP Notice:  Undefined variable: result_suggestions in /var/www/vhosts/thecolombianway.es/httpdocs/wp-content/themes/Avada/includes/class-avada-init.php on line 593
[10-Nov-2019 16:22:34 UTC] PHP Notice:  Undefined variable: result_suggestions in /var/www/vhosts/thecolombianway.es/httpdocs/wp-content/themes/Avada/includes/class-avada-init.php on line 593
[10-Nov-2019 18:59:54 UTC] PHP Warning:  stat(): stat failed for /var/www/vhosts/thecolombianway.es/httpdocs/wp-content/uploads/wpcf7_captcha/167527554.png in /var/www/vhosts/thecolombianway.es/httpdocs/wp-content/plugins/really-simple-captcha/really-simple-captcha.php on line 266
[10-Nov-2019 19:07:19 UTC] PHP Notice:  Undefined variable: result_suggestions in /var/www/vhosts/thecolombianway.es/httpdocs/wp-content/themes/Avada/includes/class-avada-init.php on line 593
[10-Nov-2019 20:08:04 UTC] PHP Notice:  Undefined variable: result_suggestions in /var/www/vhosts/thecolombianway.es/httpdocs/wp-content/themes/Avada/includes/class-avada-init.php on line 593
[10-Nov-2019 20:08:04 UTC] PHP Notice:  Undefined variable: result_suggestions in /var/www/vhosts/thecolombianway.es/httpdocs/wp-content/themes/Avada/includes/class-avada-init.php on line 593
[10-Nov-2019 20:08:10 UTC] PHP Notice:  Undefined variable: result_suggestions in /var/www/vhosts/thecolombianway.es/httpdocs/wp-content/themes/Avada/includes/class-avada-init.php on line 593
[10-Nov-2019 20:08:10 UTC] PHP Notice:  Undefined variable: result_suggestions in /var/www/vhosts/thecolombianway.es/httpdocs/wp-content/themes/Avada/includes/class-avada-init.php on line 593
[11-Nov-2019 15:21:17 UTC] PHP Notice:  Undefined variable: result_suggestions in /var/www/vhosts/thecolombianway.es/httpdocs/wp-content/themes/Avada/includes/class-avada-init.php on line 593
[11-Nov-2019 15:30:28 UTC] PHP Notice:  Undefined variable: result_suggestions in /var/www/vhosts/thecolombianway.es/httpdocs/wp-content/themes/Avada/includes/class-avada-init.php on line 593
[12-Nov-2019 17:54:30 UTC] PHP Notice:  Undefined variable: result_suggestions in /var/www/vhosts/thecolombianway.es/httpdocs/wp-content/themes/Avada/includes/class-avada-init.php on line 593
[12-Nov-2019 17:54:59 UTC] PHP Notice:  Undefined variable: result_suggestions in /var/www/vhosts/thecolombianway.es/httpdocs/wp-content/themes/Avada/includes/class-avada-init.php on line 593
[13-Nov-2019 19:56:44 UTC] PHP Notice:  Undefined variable: result_suggestions in /var/www/vhosts/thecolombianway.es/httpdocs/wp-content/themes/Avada/includes/class-avada-init.php on line 593
[13-Nov-2019 19:56:44 UTC] PHP Notice:  Undefined variable: result_suggestions in /var/www/vhosts/thecolombianway.es/httpdocs/wp-content/themes/Avada/includes/class-avada-init.php on line 593
[13-Nov-2019 19:56:49 UTC] PHP Notice:  Undefined variable: result_suggestions in /var/www/vhosts/thecolombianway.es/httpdocs/wp-content/themes/Avada/includes/class-avada-init.php on line 593
[13-Nov-2019 19:57:01 UTC] PHP Notice:  Undefined variable: result_suggestions in /var/www/vhosts/thecolombianway.es/httpdocs/wp-content/themes/Avada/includes/class-avada-init.php on line 593
[13-Nov-2019 19:57:04 UTC] PHP Notice:  Undefined variable: result_suggestions in /var/www/vhosts/thecolombianway.es/httpdocs/wp-content/themes/Avada/includes/class-avada-init.php on line 593
[13-Nov-2019 19:58:06 UTC] PHP Notice:  Undefined variable: result_suggestions in /var/www/vhosts/thecolombianway.es/httpdocs/wp-content/themes/Avada/includes/class-avada-init.php on line 593
[13-Nov-2019 19:59:50 UTC] PHP Notice:  Undefined variable: result_suggestions in /var/www/vhosts/thecolombianway.es/httpdocs/wp-content/themes/Avada/includes/class-avada-init.php on line 593
[14-Nov-2019 19:40:19 UTC] PHP Notice:  Undefined variable: result_suggestions in /var/www/vhosts/thecolombianway.es/httpdocs/wp-content/themes/Avada/includes/class-avada-init.php on line 593
[14-Nov-2019 19:54:07 UTC] PHP Notice:  Undefined variable: result_suggestions in /var/www/vhosts/thecolombianway.es/httpdocs/wp-content/themes/Avada/includes/class-avada-init.php on line 593
[14-Nov-2019 21:27:25 UTC] PHP Notice:  Undefined variable: result_suggestions in /var/www/vhosts/thecolombianway.es/httpdocs/wp-content/themes/Avada/includes/class-avada-init.php on line 593
[14-Nov-2019 21:56:47 UTC] PHP Notice:  Undefined variable: result_suggestions in /var/www/vhosts/thecolombianway.es/httpdocs/wp-content/themes/Avada/includes/class-avada-init.php on line 593
[14-Nov-2019 21:56:54 UTC] PHP Notice:  Undefined variable: result_suggestions in /var/www/vhosts/thecolombianway.es/httpdocs/wp-content/themes/Avada/includes/class-avada-init.php on line 593
[14-Nov-2019 23:22:19 UTC] PHP Notice:  Undefined variable: result_suggestions in /var/www/vhosts/thecolombianway.es/httpdocs/wp-content/themes/Avada/includes/class-avada-init.php on line 593
[14-Nov-2019 23:53:52 UTC] PHP Notice:  Undefined variable: result_suggestions in /var/www/vhosts/thecolombianway.es/httpdocs/wp-content/themes/Avada/includes/class-avada-init.php on line 593
[15-Nov-2019 00:08:45 UTC] PHP Notice:  Undefined variable: result_suggestions in /var/www/vhosts/thecolombianway.es/httpdocs/wp-content/themes/Avada/includes/class-avada-init.php on line 593
[15-Nov-2019 00:14:21 UTC] PHP Notice:  Undefined variable: result_suggestions in /var/www/vhosts/thecolombianway.es/httpdocs/wp-content/themes/Avada/includes/class-avada-init.php on line 593
[15-Nov-2019 00:20:33 UTC] PHP Notice:  Undefined variable: result_suggestions in /var/www/vhosts/thecolombianway.es/httpdocs/wp-content/themes/Avada/includes/class-avada-init.php on line 593
[15-Nov-2019 02:43:22 UTC] PHP Notice:  Undefined variable: result_suggestions in /var/www/vhosts/thecolombianway.es/httpdocs/wp-content/themes/Avada/includes/class-avada-init.php on line 593
[16-Nov-2019 04:15:48 UTC] PHP Notice:  Undefined variable: result_suggestions in /var/www/vhosts/thecolombianway.es/httpdocs/wp-content/themes/Avada/includes/class-avada-init.php on line 593
[16-Nov-2019 04:34:52 UTC] PHP Notice:  Undefined variable: result_suggestions in /var/www/vhosts/thecolombianway.es/httpdocs/wp-content/themes/Avada/includes/class-avada-init.php on line 593
[16-Nov-2019 04:34:53 UTC] PHP Notice:  Undefined variable: result_suggestions in /var/www/vhosts/thecolombianway.es/httpdocs/wp-content/themes/Avada/includes/class-avada-init.php on line 593
[16-Nov-2019 21:35:02 UTC] PHP Notice:  Undefined variable: result_suggestions in /var/www/vhosts/thecolombianway.es/httpdocs/wp-content/themes/Avada/includes/class-avada-init.php on line 593
[16-Nov-2019 21:35:03 UTC] PHP Notice:  Undefined variable: result_suggestions in /var/www/vhosts/thecolombianway.es/httpdocs/wp-content/themes/Avada/includes/class-avada-init.php on line 593
[17-Nov-2019 15:18:09 UTC] PHP Notice:  Undefined variable: result_suggestions in /var/www/vhosts/thecolombianway.es/httpdocs/wp-content/themes/Avada/includes/class-avada-init.php on line 593
[17-Nov-2019 17:58:25 UTC] PHP Notice:  Undefined variable: result_suggestions in /var/www/vhosts/thecolombianway.es/httpdocs/wp-content/themes/Avada/includes/class-avada-init.php on line 593
[17-Nov-2019 17:59:18 UTC] PHP Notice:  Undefined variable: result_suggestions in /var/www/vhosts/thecolombianway.es/httpdocs/wp-content/themes/Avada/includes/class-avada-init.php on line 593
[19-Nov-2019 06:16:34 UTC] PHP Notice:  Undefined variable: result_suggestions in /var/www/vhosts/thecolombianway.es/httpdocs/wp-content/themes/Avada/includes/class-avada-init.php on line 593
[19-Nov-2019 18:05:20 UTC] PHP Notice:  Undefined variable: result_suggestions in /var/www/vhosts/thecolombianway.es/httpdocs/wp-content/themes/Avada/includes/class-avada-init.php on line 593
[19-Nov-2019 19:31:51 UTC] PHP Notice:  Undefined variable: result_suggestions in /var/www/vhosts/thecolombianway.es/httpdocs/wp-content/themes/Avada/includes/class-avada-init.php on line 593
[19-Nov-2019 19:31:52 UTC] PHP Notice:  Undefined variable: result_suggestions in /var/www/vhosts/thecolombianway.es/httpdocs/wp-content/themes/Avada/includes/class-avada-init.php on line 593
[19-Nov-2019 19:44:56 UTC] PHP Notice:  Undefined variable: result_suggestions in /var/www/vhosts/thecolombianway.es/httpdocs/wp-content/themes/Avada/includes/class-avada-init.php on line 593
[20-Nov-2019 01:09:05 UTC] PHP Notice:  Undefined variable: result_suggestions in /var/www/vhosts/thecolombianway.es/httpdocs/wp-content/themes/Avada/includes/class-avada-init.php on line 593
[20-Nov-2019 20:02:39 UTC] PHP Notice:  Undefined index: version in /var/www/vhosts/thecolombianway.es/httpdocs/wp-content/themes/Avada/includes/lib/inc/class-fusion-updater.php on line 197
[20-Nov-2019 20:02:39 UTC] PHP Notice:  Undefined index: version in /var/www/vhosts/thecolombianway.es/httpdocs/wp-content/themes/Avada/includes/lib/inc/class-fusion-updater.php on line 197
[20-Nov-2019 20:02:39 UTC] PHP Notice:  Undefined index: version in /var/www/vhosts/thecolombianway.es/httpdocs/wp-content/themes/Avada/includes/lib/inc/class-fusion-updater.php on line 197
[20-Nov-2019 20:02:39 UTC] PHP Notice:  Undefined index: version in /var/www/vhosts/thecolombianway.es/httpdocs/wp-content/themes/Avada/includes/lib/inc/class-fusion-updater.php on line 197
[20-Nov-2019 20:02:41 UTC] PHP Notice:  Undefined index: version in /var/www/vhosts/thecolombianway.es/httpdocs/wp-content/themes/Avada/includes/lib/inc/class-fusion-updater.php on line 197
[20-Nov-2019 20:02:41 UTC] PHP Notice:  Undefined index: version in /var/www/vhosts/thecolombianway.es/httpdocs/wp-content/themes/Avada/includes/lib/inc/class-fusion-updater.php on line 197
[20-Nov-2019 20:02:41 UTC] PHP Notice:  Undefined index: version in /var/www/vhosts/thecolombianway.es/httpdocs/wp-content/themes/Avada/includes/lib/inc/class-fusion-updater.php on line 197
[20-Nov-2019 20:02:41 UTC] PHP Notice:  Undefined index: version in /var/www/vhosts/thecolombianway.es/httpdocs/wp-content/themes/Avada/includes/lib/inc/class-fusion-updater.php on line 197
[20-Nov-2019 20:02:41 UTC] PHP Notice:  Undefined index: version in /var/www/vhosts/thecolombianway.es/httpdocs/wp-content/themes/Avada/includes/lib/inc/class-fusion-updater.php on line 197
[20-Nov-2019 20:02:41 UTC] PHP Notice:  Undefined index: version in /var/www/vhosts/thecolombianway.es/httpdocs/wp-content/themes/Avada/includes/lib/inc/class-fusion-updater.php on line 197
[20-Nov-2019 20:02:41 UTC] PHP Notice:  Undefined index: version in /var/www/vhosts/thecolombianway.es/httpdocs/wp-content/themes/Avada/includes/lib/inc/class-fusion-updater.php on line 197
[20-Nov-2019 20:02:41 UTC] PHP Notice:  Undefined index: version in /var/www/vhosts/thecolombianway.es/httpdocs/wp-content/themes/Avada/includes/lib/inc/class-fusion-updater.php on line 197
[21-Nov-2019 21:06:20 UTC] PHP Notice:  Undefined variable: result_suggestions in /var/www/vhosts/thecolombianway.es/httpdocs/wp-content/themes/Avada/includes/class-avada-init.php on line 593
[21-Nov-2019 21:06:22 UTC] PHP Notice:  Undefined variable: result_suggestions in /var/www/vhosts/thecolombianway.es/httpdocs/wp-content/themes/Avada/includes/class-avada-init.php on line 593
[21-Nov-2019 21:58:46 UTC] PHP Notice:  Undefined variable: result_suggestions in /var/www/vhosts/thecolombianway.es/httpdocs/wp-content/themes/Avada/includes/class-avada-init.php on line 593
[21-Nov-2019 21:59:01 UTC] PHP Notice:  Undefined variable: result_suggestions in /var/www/vhosts/thecolombianway.es/httpdocs/wp-content/themes/Avada/includes/class-avada-init.php on line 593
[21-Nov-2019 21:59:03 UTC] PHP Notice:  Undefined variable: result_suggestions in /var/www/vhosts/thecolombianway.es/httpdocs/wp-content/themes/Avada/includes/class-avada-init.php on line 593
[21-Nov-2019 21:59:04 UTC] PHP Notice:  Undefined variable: result_suggestions in /var/www/vhosts/thecolombianway.es/httpdocs/wp-content/themes/Avada/includes/class-avada-init.php on line 593
[21-Nov-2019 21:59:56 UTC] PHP Notice:  Undefined variable: result_suggestions in /var/www/vhosts/thecolombianway.es/httpdocs/wp-content/themes/Avada/includes/class-avada-init.php on line 593
[21-Nov-2019 22:03:09 UTC] PHP Notice:  Undefined variable: result_suggestions in /var/www/vhosts/thecolombianway.es/httpdocs/wp-content/themes/Avada/includes/class-avada-init.php on line 593
[21-Nov-2019 22:03:23 UTC] PHP Notice:  Undefined variable: result_suggestions in /var/www/vhosts/thecolombianway.es/httpdocs/wp-content/themes/Avada/includes/class-avada-init.php on line 593
[21-Nov-2019 22:03:43 UTC] PHP Notice:  Undefined variable: result_suggestions in /var/www/vhosts/thecolombianway.es/httpdocs/wp-content/themes/Avada/includes/class-avada-init.php on line 593
[21-Nov-2019 22:03:44 UTC] PHP Notice:  Undefined variable: result_suggestions in /var/www/vhosts/thecolombianway.es/httpdocs/wp-content/themes/Avada/includes/class-avada-init.php on line 593
[21-Nov-2019 22:06:19 UTC] PHP Notice:  Undefined variable: result_suggestions in /var/www/vhosts/thecolombianway.es/httpdocs/wp-content/themes/Avada/includes/class-avada-init.php on line 593
[21-Nov-2019 22:29:15 UTC] PHP Notice:  Undefined variable: result_suggestions in /var/www/vhosts/thecolombianway.es/httpdocs/wp-content/themes/Avada/includes/class-avada-init.php on line 593
[21-Nov-2019 22:38:11 UTC] PHP Notice:  Undefined variable: result_suggestions in /var/www/vhosts/thecolombianway.es/httpdocs/wp-content/themes/Avada/includes/class-avada-init.php on line 593
[21-Nov-2019 23:10:05 UTC] PHP Notice:  Undefined variable: result_suggestions in /var/www/vhosts/thecolombianway.es/httpdocs/wp-content/themes/Avada/includes/class-avada-init.php on line 593
[21-Nov-2019 23:10:09 UTC] PHP Notice:  Undefined variable: result_suggestions in /var/www/vhosts/thecolombianway.es/httpdocs/wp-content/themes/Avada/includes/class-avada-init.php on line 593
[21-Nov-2019 23:10:17 UTC] PHP Notice:  Undefined variable: result_suggestions in /var/www/vhosts/thecolombianway.es/httpdocs/wp-content/themes/Avada/includes/class-avada-init.php on line 593
[21-Nov-2019 23:10:57 UTC] PHP Notice:  Undefined variable: result_suggestions in /var/www/vhosts/thecolombianway.es/httpdocs/wp-content/themes/Avada/includes/class-avada-init.php on line 593
[21-Nov-2019 23:11:19 UTC] PHP Notice:  Undefined variable: result_suggestions in /var/www/vhosts/thecolombianway.es/httpdocs/wp-content/themes/Avada/includes/class-avada-init.php on line 593
[21-Nov-2019 23:19:09 UTC] PHP Notice:  Undefined variable: result_suggestions in /var/www/vhosts/thecolombianway.es/httpdocs/wp-content/themes/Avada/includes/class-avada-init.php on line 593
[22-Nov-2019 17:11:23 UTC] PHP Notice:  Undefined variable: result_suggestions in /var/www/vhosts/thecolombianway.es/httpdocs/wp-content/themes/Avada/includes/class-avada-init.php on line 593
[22-Nov-2019 17:37:24 UTC] PHP Notice:  Undefined variable: result_suggestions in /var/www/vhosts/thecolombianway.es/httpdocs/wp-content/themes/Avada/includes/class-avada-init.php on line 593
[22-Nov-2019 17:37:34 UTC] PHP Notice:  Undefined variable: result_suggestions in /var/www/vhosts/thecolombianway.es/httpdocs/wp-content/themes/Avada/includes/class-avada-init.php on line 593
[22-Nov-2019 23:28:42 UTC] PHP Notice:  Undefined variable: result_suggestions in /var/www/vhosts/thecolombianway.es/httpdocs/wp-content/themes/Avada/includes/class-avada-init.php on line 593
[22-Nov-2019 23:29:10 UTC] PHP Notice:  Undefined variable: result_suggestions in /var/www/vhosts/thecolombianway.es/httpdocs/wp-content/themes/Avada/includes/class-avada-init.php on line 593
[23-Nov-2019 00:40:08 UTC] PHP Notice:  Undefined variable: result_suggestions in /var/www/vhosts/thecolombianway.es/httpdocs/wp-content/themes/Avada/includes/class-avada-init.php on line 593
[23-Nov-2019 21:09:45 UTC] PHP Notice:  Undefined variable: result_suggestions in /var/www/vhosts/thecolombianway.es/httpdocs/wp-content/themes/Avada/includes/class-avada-init.php on line 593
[24-Nov-2019 14:59:56 UTC] PHP Notice:  Undefined variable: result_suggestions in /var/www/vhosts/thecolombianway.es/httpdocs/wp-content/themes/Avada/includes/class-avada-init.php on line 593
[24-Nov-2019 14:59:58 UTC] PHP Notice:  Undefined variable: result_suggestions in /var/www/vhosts/thecolombianway.es/httpdocs/wp-content/themes/Avada/includes/class-avada-init.php on line 593
[24-Nov-2019 14:59:59 UTC] PHP Notice:  Undefined variable: result_suggestions in /var/www/vhosts/thecolombianway.es/httpdocs/wp-content/themes/Avada/includes/class-avada-init.php on line 593
[24-Nov-2019 15:00:01 UTC] PHP Notice:  Undefined variable: result_suggestions in /var/www/vhosts/thecolombianway.es/httpdocs/wp-content/themes/Avada/includes/class-avada-init.php on line 593
[24-Nov-2019 15:00:02 UTC] PHP Notice:  Undefined variable: result_suggestions in /var/www/vhosts/thecolombianway.es/httpdocs/wp-content/themes/Avada/includes/class-avada-init.php on line 593
[24-Nov-2019 15:00:13 UTC] PHP Notice:  Undefined variable: result_suggestions in /var/www/vhosts/thecolombianway.es/httpdocs/wp-content/themes/Avada/includes/class-avada-init.php on line 593
[24-Nov-2019 15:00:15 UTC] PHP Notice:  Undefined variable: result_suggestions in /var/www/vhosts/thecolombianway.es/httpdocs/wp-content/themes/Avada/includes/class-avada-init.php on line 593
[24-Nov-2019 15:00:15 UTC] PHP Notice:  Undefined variable: result_suggestions in /var/www/vhosts/thecolombianway.es/httpdocs/wp-content/themes/Avada/includes/class-avada-init.php on line 593
[25-Nov-2019 21:44:28 UTC] PHP Notice:  Undefined variable: result_suggestions in /var/www/vhosts/thecolombianway.es/httpdocs/wp-content/themes/Avada/includes/class-avada-init.php on line 593
[25-Nov-2019 21:44:51 UTC] PHP Notice:  Undefined variable: result_suggestions in /var/www/vhosts/thecolombianway.es/httpdocs/wp-content/themes/Avada/includes/class-avada-init.php on line 593
[28-Nov-2019 01:50:42 UTC] PHP Notice:  Undefined variable: result_suggestions in /var/www/vhosts/thecolombianway.es/httpdocs/wp-content/themes/Avada/includes/class-avada-init.php on line 593
[28-Nov-2019 01:50:47 UTC] PHP Notice:  Undefined variable: result_suggestions in /var/www/vhosts/thecolombianway.es/httpdocs/wp-content/themes/Avada/includes/class-avada-init.php on line 593
[28-Nov-2019 01:50:48 UTC] PHP Notice:  Undefined variable: result_suggestions in /var/www/vhosts/thecolombianway.es/httpdocs/wp-content/themes/Avada/includes/class-avada-init.php on line 593
[28-Nov-2019 01:50:52 UTC] PHP Notice:  Undefined variable: result_suggestions in /var/www/vhosts/thecolombianway.es/httpdocs/wp-content/themes/Avada/includes/class-avada-init.php on line 593
[28-Nov-2019 04:43:46 UTC] PHP Fatal error:  Call to undefined function pll_register_string() in /var/www/vhosts/thecolombianway.es/httpdocs/wp-content/themes/thecolombiantheme/functions.php on line 263
[28-Nov-2019 04:44:11 UTC] PHP Fatal error:  Call to undefined function pll_register_string() in /var/www/vhosts/thecolombianway.es/httpdocs/wp-content/themes/thecolombiantheme/functions.php on line 263
[28-Nov-2019 04:45:40 UTC] PHP Fatal error:  Call to undefined function pll_register_string() in /var/www/vhosts/thecolombianway.es/httpdocs/wp-content/themes/thecolombiantheme/functions.php on line 263
[30-Nov-2019 17:08:27 UTC] PHP Warning:  unlink(/var/www/vhosts/thecolombianway.es/httpdocs/wp-content/uploads/fusion-builder-avada-pages/data.zip): No such file or directory in /var/www/vhosts/thecolombianway.es/httpdocs/wp-content/themes/Avada/includes/avada-functions.php on line 863
[30-Nov-2019 17:08:27 UTC] PHP Warning:  fopen(/var/www/vhosts/thecolombianway.es/httpdocs/wp-content/uploads/fusion-builder-avada-pages/data.zip): failed to open stream: No such file or directory in /var/www/vhosts/thecolombianway.es/httpdocs/wp-content/themes/Avada/includes/avada-functions.php on line 864
[30-Nov-2019 17:08:27 UTC] PHP Warning:  fwrite() expects parameter 1 to be resource, boolean given in /var/www/vhosts/thecolombianway.es/httpdocs/wp-content/themes/Avada/includes/avada-functions.php on line 866
[30-Nov-2019 17:08:27 UTC] PHP Warning:  fclose() expects parameter 1 to be resource, boolean given in /var/www/vhosts/thecolombianway.es/httpdocs/wp-content/themes/Avada/includes/avada-functions.php on line 867
[05-Dec-2019 01:06:07 UTC] PHP Notice:  Undefined variable: result_suggestions in /var/www/vhosts/thecolombianway.es/httpdocs/wp-content/themes/Avada/includes/class-avada-init.php on line 593
[05-Dec-2019 01:06:50 UTC] PHP Notice:  Undefined variable: result_suggestions in /var/www/vhosts/thecolombianway.es/httpdocs/wp-content/themes/Avada/includes/class-avada-init.php on line 593
[05-Dec-2019 01:08:10 UTC] PHP Notice:  Undefined variable: result_suggestions in /var/www/vhosts/thecolombianway.es/httpdocs/wp-content/themes/Avada/includes/class-avada-init.php on line 593
[05-Dec-2019 01:13:51 UTC] PHP Notice:  Undefined variable: result_suggestions in /var/www/vhosts/thecolombianway.es/httpdocs/wp-content/themes/Avada/includes/class-avada-init.php on line 593
[05-Dec-2019 01:48:53 UTC] PHP Notice:  Undefined variable: result_suggestions in /var/www/vhosts/thecolombianway.es/httpdocs/wp-content/themes/Avada/includes/class-avada-init.php on line 593
[05-Dec-2019 01:48:57 UTC] PHP Notice:  Undefined variable: result_suggestions in /var/www/vhosts/thecolombianway.es/httpdocs/wp-content/themes/Avada/includes/class-avada-init.php on line 593
[05-Dec-2019 01:49:12 UTC] PHP Notice:  Undefined variable: result_suggestions in /var/www/vhosts/thecolombianway.es/httpdocs/wp-content/themes/Avada/includes/class-avada-init.php on line 593
[05-Dec-2019 01:49:41 UTC] PHP Notice:  Undefined variable: result_suggestions in /var/www/vhosts/thecolombianway.es/httpdocs/wp-content/themes/Avada/includes/class-avada-init.php on line 593
[05-Dec-2019 01:49:44 UTC] PHP Notice:  Undefined variable: result_suggestions in /var/www/vhosts/thecolombianway.es/httpdocs/wp-content/themes/Avada/includes/class-avada-init.php on line 593
[05-Dec-2019 01:50:33 UTC] PHP Notice:  Undefined variable: result_suggestions in /var/www/vhosts/thecolombianway.es/httpdocs/wp-content/themes/Avada/includes/class-avada-init.php on line 593
[05-Dec-2019 01:50:36 UTC] PHP Notice:  Undefined variable: result_suggestions in /var/www/vhosts/thecolombianway.es/httpdocs/wp-content/themes/Avada/includes/class-avada-init.php on line 593
[05-Dec-2019 01:50:51 UTC] PHP Notice:  Undefined variable: result_suggestions in /var/www/vhosts/thecolombianway.es/httpdocs/wp-content/themes/Avada/includes/class-avada-init.php on line 593
[05-Dec-2019 01:52:47 UTC] PHP Notice:  Undefined variable: result_suggestions in /var/www/vhosts/thecolombianway.es/httpdocs/wp-content/themes/Avada/includes/class-avada-init.php on line 593
[06-Dec-2019 02:14:28 UTC] PHP Notice:  Undefined variable: result_suggestions in /var/www/vhosts/thecolombianway.es/httpdocs/wp-content/themes/Avada/includes/class-avada-init.php on line 593
[06-Dec-2019 02:17:06 UTC] PHP Notice:  Undefined variable: result_suggestions in /var/www/vhosts/thecolombianway.es/httpdocs/wp-content/themes/Avada/includes/class-avada-init.php on line 593
[06-Dec-2019 02:23:44 UTC] PHP Notice:  Undefined variable: result_suggestions in /var/www/vhosts/thecolombianway.es/httpdocs/wp-content/themes/Avada/includes/class-avada-init.php on line 593
[06-Dec-2019 03:53:05 UTC] PHP Notice:  Undefined variable: result_suggestions in /var/www/vhosts/thecolombianway.es/httpdocs/wp-content/themes/Avada/includes/class-avada-init.php on line 593
[06-Dec-2019 03:53:28 UTC] PHP Notice:  Undefined variable: result_suggestions in /var/www/vhosts/thecolombianway.es/httpdocs/wp-content/themes/Avada/includes/class-avada-init.php on line 593
[06-Dec-2019 04:12:39 UTC] PHP Notice:  Undefined variable: result_suggestions in /var/www/vhosts/thecolombianway.es/httpdocs/wp-content/themes/Avada/includes/class-avada-init.php on line 593
[06-Dec-2019 04:27:47 UTC] PHP Notice:  Undefined variable: result_suggestions in /var/www/vhosts/thecolombianway.es/httpdocs/wp-content/themes/Avada/includes/class-avada-init.php on line 593
[06-Dec-2019 04:28:50 UTC] PHP Notice:  Undefined variable: result_suggestions in /var/www/vhosts/thecolombianway.es/httpdocs/wp-content/themes/Avada/includes/class-avada-init.php on line 593
[06-Dec-2019 04:28:51 UTC] PHP Notice:  Undefined variable: result_suggestions in /var/www/vhosts/thecolombianway.es/httpdocs/wp-content/themes/Avada/includes/class-avada-init.php on line 593
[06-Dec-2019 04:29:21 UTC] PHP Notice:  Undefined variable: result_suggestions in /var/www/vhosts/thecolombianway.es/httpdocs/wp-content/themes/Avada/includes/class-avada-init.php on line 593
[06-Dec-2019 04:29:49 UTC] PHP Notice:  Undefined variable: result_suggestions in /var/www/vhosts/thecolombianway.es/httpdocs/wp-content/themes/Avada/includes/class-avada-init.php on line 593
[06-Dec-2019 04:30:55 UTC] PHP Notice:  Undefined variable: result_suggestions in /var/www/vhosts/thecolombianway.es/httpdocs/wp-content/themes/Avada/includes/class-avada-init.php on line 593
[06-Dec-2019 04:30:56 UTC] PHP Notice:  Undefined variable: result_suggestions in /var/www/vhosts/thecolombianway.es/httpdocs/wp-content/themes/Avada/includes/class-avada-init.php on line 593
[06-Dec-2019 04:30:57 UTC] PHP Notice:  Undefined variable: result_suggestions in /var/www/vhosts/thecolombianway.es/httpdocs/wp-content/themes/Avada/includes/class-avada-init.php on line 593
[06-Dec-2019 04:31:35 UTC] PHP Notice:  Undefined variable: result_suggestions in /var/www/vhosts/thecolombianway.es/httpdocs/wp-content/themes/Avada/includes/class-avada-init.php on line 593
[06-Dec-2019 04:31:36 UTC] PHP Notice:  Undefined variable: result_suggestions in /var/www/vhosts/thecolombianway.es/httpdocs/wp-content/themes/Avada/includes/class-avada-init.php on line 593
[06-Dec-2019 04:32:59 UTC] PHP Notice:  Undefined variable: result_suggestions in /var/www/vhosts/thecolombianway.es/httpdocs/wp-content/themes/Avada/includes/class-avada-init.php on line 593
[06-Dec-2019 04:33:22 UTC] PHP Notice:  Undefined variable: result_suggestions in /var/www/vhosts/thecolombianway.es/httpdocs/wp-content/themes/Avada/includes/class-avada-init.php on line 593
[06-Dec-2019 04:33:31 UTC] PHP Notice:  Undefined variable: result_suggestions in /var/www/vhosts/thecolombianway.es/httpdocs/wp-content/themes/Avada/includes/class-avada-init.php on line 593
[06-Dec-2019 04:33:47 UTC] PHP Notice:  Undefined variable: result_suggestions in /var/www/vhosts/thecolombianway.es/httpdocs/wp-content/themes/Avada/includes/class-avada-init.php on line 593
[06-Dec-2019 04:34:26 UTC] PHP Notice:  Undefined variable: result_suggestions in /var/www/vhosts/thecolombianway.es/httpdocs/wp-content/themes/Avada/includes/class-avada-init.php on line 593
[06-Dec-2019 04:34:31 UTC] PHP Notice:  Undefined variable: result_suggestions in /var/www/vhosts/thecolombianway.es/httpdocs/wp-content/themes/Avada/includes/class-avada-init.php on line 593
[06-Dec-2019 04:34:32 UTC] PHP Notice:  Undefined variable: result_suggestions in /var/www/vhosts/thecolombianway.es/httpdocs/wp-content/themes/Avada/includes/class-avada-init.php on line 593
[06-Dec-2019 04:34:39 UTC] PHP Notice:  Undefined variable: result_suggestions in /var/www/vhosts/thecolombianway.es/httpdocs/wp-content/themes/Avada/includes/class-avada-init.php on line 593
[06-Dec-2019 04:34:50 UTC] PHP Notice:  Undefined variable: result_suggestions in /var/www/vhosts/thecolombianway.es/httpdocs/wp-content/themes/Avada/includes/class-avada-init.php on line 593
[06-Dec-2019 04:52:48 UTC] PHP Notice:  Undefined variable: result_suggestions in /var/www/vhosts/thecolombianway.es/httpdocs/wp-content/themes/Avada/includes/class-avada-init.php on line 593
[06-Dec-2019 04:52:53 UTC] PHP Notice:  Undefined variable: result_suggestions in /var/www/vhosts/thecolombianway.es/httpdocs/wp-content/themes/Avada/includes/class-avada-init.php on line 593
[06-Dec-2019 04:52:54 UTC] PHP Notice:  Undefined variable: result_suggestions in /var/www/vhosts/thecolombianway.es/httpdocs/wp-content/themes/Avada/includes/class-avada-init.php on line 593
[06-Dec-2019 04:53:51 UTC] PHP Notice:  Undefined variable: result_suggestions in /var/www/vhosts/thecolombianway.es/httpdocs/wp-content/themes/Avada/includes/class-avada-init.php on line 593
[06-Dec-2019 04:54:28 UTC] PHP Notice:  Undefined variable: result_suggestions in /var/www/vhosts/thecolombianway.es/httpdocs/wp-content/themes/Avada/includes/class-avada-init.php on line 593
[06-Dec-2019 04:56:02 UTC] PHP Notice:  Undefined variable: result_suggestions in /var/www/vhosts/thecolombianway.es/httpdocs/wp-content/themes/Avada/includes/class-avada-init.php on line 593
[06-Dec-2019 04:56:16 UTC] PHP Notice:  Undefined variable: result_suggestions in /var/www/vhosts/thecolombianway.es/httpdocs/wp-content/themes/Avada/includes/class-avada-init.php on line 593
[06-Dec-2019 04:56:53 UTC] PHP Notice:  Undefined variable: result_suggestions in /var/www/vhosts/thecolombianway.es/httpdocs/wp-content/themes/Avada/includes/class-avada-init.php on line 593
[06-Dec-2019 14:28:52 UTC] PHP Notice:  Undefined variable: result_suggestions in /var/www/vhosts/thecolombianway.es/httpdocs/wp-content/themes/Avada/includes/class-avada-init.php on line 593
[06-Dec-2019 14:29:09 UTC] PHP Notice:  Undefined variable: result_suggestions in /var/www/vhosts/thecolombianway.es/httpdocs/wp-content/themes/Avada/includes/class-avada-init.php on line 593
[06-Dec-2019 14:29:10 UTC] PHP Notice:  Undefined variable: result_suggestions in /var/www/vhosts/thecolombianway.es/httpdocs/wp-content/themes/Avada/includes/class-avada-init.php on line 593
[06-Dec-2019 14:31:30 UTC] PHP Notice:  Undefined variable: result_suggestions in /var/www/vhosts/thecolombianway.es/httpdocs/wp-content/themes/Avada/includes/class-avada-init.php on line 593
[06-Dec-2019 14:31:42 UTC] PHP Notice:  Undefined variable: result_suggestions in /var/www/vhosts/thecolombianway.es/httpdocs/wp-content/themes/Avada/includes/class-avada-init.php on line 593
[06-Dec-2019 14:32:07 UTC] PHP Notice:  Undefined variable: result_suggestions in /var/www/vhosts/thecolombianway.es/httpdocs/wp-content/themes/Avada/includes/class-avada-init.php on line 593
[06-Dec-2019 14:32:16 UTC] PHP Notice:  Undefined variable: result_suggestions in /var/www/vhosts/thecolombianway.es/httpdocs/wp-content/themes/Avada/includes/class-avada-init.php on line 593
[06-Dec-2019 14:32:20 UTC] PHP Notice:  Undefined variable: result_suggestions in /var/www/vhosts/thecolombianway.es/httpdocs/wp-content/themes/Avada/includes/class-avada-init.php on line 593
[06-Dec-2019 14:32:21 UTC] PHP Notice:  Undefined variable: result_suggestions in /var/www/vhosts/thecolombianway.es/httpdocs/wp-content/themes/Avada/includes/class-avada-init.php on line 593
[06-Dec-2019 14:32:24 UTC] PHP Notice:  Undefined variable: result_suggestions in /var/www/vhosts/thecolombianway.es/httpdocs/wp-content/themes/Avada/includes/class-avada-init.php on line 593
[06-Dec-2019 14:32:44 UTC] PHP Notice:  Undefined variable: result_suggestions in /var/www/vhosts/thecolombianway.es/httpdocs/wp-content/themes/Avada/includes/class-avada-init.php on line 593
[06-Dec-2019 14:32:46 UTC] PHP Notice:  Undefined variable: result_suggestions in /var/www/vhosts/thecolombianway.es/httpdocs/wp-content/themes/Avada/includes/class-avada-init.php on line 593
[06-Dec-2019 14:32:47 UTC] PHP Notice:  Undefined variable: result_suggestions in /var/www/vhosts/thecolombianway.es/httpdocs/wp-content/themes/Avada/includes/class-avada-init.php on line 593
[06-Dec-2019 14:32:47 UTC] PHP Notice:  Undefined variable: result_suggestions in /var/www/vhosts/thecolombianway.es/httpdocs/wp-content/themes/Avada/includes/class-avada-init.php on line 593
[10-Dec-2019 17:27:20 UTC] PHP Notice:  Undefined variable: result_suggestions in /var/www/vhosts/thecolombianway.es/httpdocs/wp-content/themes/Avada/includes/class-avada-init.php on line 593
[10-Dec-2019 21:56:04 UTC] PHP Notice:  Undefined variable: result_suggestions in /var/www/vhosts/thecolombianway.es/httpdocs/wp-content/themes/Avada/includes/class-avada-init.php on line 593
[23-Dec-2019 13:58:05 UTC] PHP Notice:  Undefined variable: result_suggestions in /var/www/vhosts/thecolombianway.es/httpdocs/wp-content/themes/Avada/includes/class-avada-init.php on line 593
[23-Dec-2019 13:58:06 UTC] PHP Notice:  Undefined variable: result_suggestions in /var/www/vhosts/thecolombianway.es/httpdocs/wp-content/themes/Avada/includes/class-avada-init.php on line 593
[23-Dec-2019 13:58:09 UTC] PHP Notice:  Undefined variable: result_suggestions in /var/www/vhosts/thecolombianway.es/httpdocs/wp-content/themes/Avada/includes/class-avada-init.php on line 593
[23-Dec-2019 13:58:11 UTC] PHP Notice:  Undefined variable: result_suggestions in /var/www/vhosts/thecolombianway.es/httpdocs/wp-content/themes/Avada/includes/class-avada-init.php on line 593
[23-Dec-2019 13:58:12 UTC] PHP Notice:  Undefined variable: result_suggestions in /var/www/vhosts/thecolombianway.es/httpdocs/wp-content/themes/Avada/includes/class-avada-init.php on line 593
[23-Dec-2019 13:58:26 UTC] PHP Notice:  Undefined variable: result_suggestions in /var/www/vhosts/thecolombianway.es/httpdocs/wp-content/themes/Avada/includes/class-avada-init.php on line 593
[29-Dec-2019 08:52:22 UTC] PHP Notice:  Undefined property: Avada_Nav_Walker::$menu_megamenu_status in /var/www/vhosts/thecolombianway.es/httpdocs/wp-content/themes/thecolombiantheme/functions.php on line 297
[29-Dec-2019 08:52:22 UTC] PHP Notice:  Undefined property: Avada_Nav_Walker::$menu_megamenu_status in /var/www/vhosts/thecolombianway.es/httpdocs/wp-content/themes/thecolombiantheme/functions.php on line 297
[29-Dec-2019 08:52:22 UTC] PHP Notice:  Undefined property: Avada_Nav_Walker::$menu_megamenu_status in /var/www/vhosts/thecolombianway.es/httpdocs/wp-content/themes/thecolombiantheme/functions.php on line 297
[29-Dec-2019 08:52:52 UTC] PHP Notice:  Undefined property: Avada_Nav_Walker::$menu_megamenu_status in /var/www/vhosts/thecolombianway.es/httpdocs/wp-content/themes/thecolombiantheme/functions.php on line 297
[29-Dec-2019 08:52:52 UTC] PHP Notice:  Undefined property: Avada_Nav_Walker::$menu_megamenu_status in /var/www/vhosts/thecolombianway.es/httpdocs/wp-content/themes/thecolombiantheme/functions.php on line 297
[29-Dec-2019 08:52:52 UTC] PHP Notice:  Undefined property: Avada_Nav_Walker::$menu_megamenu_status in /var/www/vhosts/thecolombianway.es/httpdocs/wp-content/themes/thecolombiantheme/functions.php on line 297
[29-Dec-2019 08:54:02 UTC] PHP Notice:  Undefined property: Avada_Nav_Walker::$menu_megamenu_status in /var/www/vhosts/thecolombianway.es/httpdocs/wp-content/themes/thecolombiantheme/functions.php on line 297
[29-Dec-2019 08:54:02 UTC] PHP Notice:  Undefined property: Avada_Nav_Walker::$menu_megamenu_status in /var/www/vhosts/thecolombianway.es/httpdocs/wp-content/themes/thecolombiantheme/functions.php on line 297
[29-Dec-2019 08:54:02 UTC] PHP Notice:  Undefined property: Avada_Nav_Walker::$menu_megamenu_status in /var/www/vhosts/thecolombianway.es/httpdocs/wp-content/themes/thecolombiantheme/functions.php on line 297
[29-Dec-2019 19:15:32 UTC] PHP Notice:  Undefined variable: result_suggestions in /var/www/vhosts/thecolombianway.es/httpdocs/wp-content/themes/Avada/includes/class-avada-init.php on line 593
[30-Dec-2019 06:55:40 UTC] PHP Notice:  Undefined variable: result_suggestions in /var/www/vhosts/thecolombianway.es/httpdocs/wp-content/themes/Avada/includes/class-avada-init.php on line 593
[30-Dec-2019 06:55:40 UTC] PHP Notice:  Undefined variable: result_suggestions in /var/www/vhosts/thecolombianway.es/httpdocs/wp-content/themes/Avada/includes/class-avada-init.php on line 593
[30-Dec-2019 20:02:01 UTC] PHP Notice:  Undefined variable: result_suggestions in /var/www/vhosts/thecolombianway.es/httpdocs/wp-content/themes/Avada/includes/class-avada-init.php on line 593
[03-Jan-2020 23:31:14 UTC] PHP Notice:  Undefined variable: result_suggestions in /var/www/vhosts/thecolombianway.es/httpdocs/wp-content/themes/Avada/includes/class-avada-init.php on line 593
[13-Jan-2020 16:18:39 UTC] PHP Notice:  Undefined variable: result_suggestions in /var/www/vhosts/thecolombianway.es/httpdocs/wp-content/themes/Avada/includes/class-avada-init.php on line 593
[13-Jan-2020 16:18:43 UTC] PHP Notice:  Undefined variable: result_suggestions in /var/www/vhosts/thecolombianway.es/httpdocs/wp-content/themes/Avada/includes/class-avada-init.php on line 593
[22-Jan-2020 18:12:07 UTC] PHP Notice:  Undefined variable: result_suggestions in /var/www/vhosts/thecolombianway.es/httpdocs/wp-content/themes/Avada/includes/class-avada-init.php on line 593
[22-Jan-2020 21:34:03 UTC] PHP Warning:  urldecode() expects parameter 1 to be string, array given in /var/www/vhosts/thecolombianway.es/httpdocs/wp-includes/class-wp-query.php on line 2197
[22-Jan-2020 21:34:03 UTC] PHP Warning:  preg_match() expects parameter 2 to be string, array given in /var/www/vhosts/thecolombianway.es/httpdocs/wp-includes/canonical.php on line 217
[22-Jan-2020 21:34:03 UTC] PHP Notice:  Trying to get property of non-object in /var/www/vhosts/thecolombianway.es/httpdocs/wp-content/themes/Avada/includes/class-avada-breadcrumbs.php on line 670
[22-Jan-2020 21:34:03 UTC] PHP Notice:  Trying to get property of non-object in /var/www/vhosts/thecolombianway.es/httpdocs/wp-content/themes/Avada/includes/custom-functions.php on line 205
[22-Jan-2020 21:34:03 UTC] PHP Notice:  Trying to get property of non-object in /var/www/vhosts/thecolombianway.es/httpdocs/wp-content/themes/Avada/templates/author-info.php on line 22
[23-Jan-2020 00:05:18 UTC] PHP Warning:  urldecode() expects parameter 1 to be string, array given in /var/www/vhosts/thecolombianway.es/httpdocs/wp-includes/class-wp-query.php on line 2197
[23-Jan-2020 00:05:19 UTC] PHP Warning:  preg_match() expects parameter 2 to be string, array given in /var/www/vhosts/thecolombianway.es/httpdocs/wp-includes/canonical.php on line 217
[23-Jan-2020 00:05:19 UTC] PHP Notice:  Trying to get property of non-object in /var/www/vhosts/thecolombianway.es/httpdocs/wp-content/themes/Avada/includes/class-avada-breadcrumbs.php on line 670
[23-Jan-2020 00:05:19 UTC] PHP Notice:  Trying to get property of non-object in /var/www/vhosts/thecolombianway.es/httpdocs/wp-content/themes/Avada/includes/custom-functions.php on line 205
[23-Jan-2020 00:05:19 UTC] PHP Notice:  Trying to get property of non-object in /var/www/vhosts/thecolombianway.es/httpdocs/wp-content/themes/Avada/templates/author-info.php on line 22
[23-Jan-2020 03:18:58 UTC] PHP Warning:  urldecode() expects parameter 1 to be string, array given in /var/www/vhosts/thecolombianway.es/httpdocs/wp-includes/class-wp-query.php on line 2197
[23-Jan-2020 03:18:58 UTC] PHP Warning:  preg_match() expects parameter 2 to be string, array given in /var/www/vhosts/thecolombianway.es/httpdocs/wp-includes/canonical.php on line 217
[23-Jan-2020 03:18:58 UTC] PHP Notice:  Trying to get property of non-object in /var/www/vhosts/thecolombianway.es/httpdocs/wp-content/themes/Avada/includes/class-avada-breadcrumbs.php on line 670
[23-Jan-2020 03:18:58 UTC] PHP Notice:  Trying to get property of non-object in /var/www/vhosts/thecolombianway.es/httpdocs/wp-content/themes/Avada/includes/custom-functions.php on line 205
[23-Jan-2020 03:18:58 UTC] PHP Notice:  Trying to get property of non-object in /var/www/vhosts/thecolombianway.es/httpdocs/wp-content/themes/Avada/templates/author-info.php on line 22
[06-Feb-2020 06:20:55 UTC] PHP Warning:  unlink(/var/www/vhosts/thecolombianway.es/httpdocs/wp-content/uploads/fusion-builder-avada-pages/data.zip): No such file or directory in /var/www/vhosts/thecolombianway.es/httpdocs/wp-content/themes/Avada/includes/avada-functions.php on line 863
[06-Feb-2020 06:20:55 UTC] PHP Warning:  fopen(/var/www/vhosts/thecolombianway.es/httpdocs/wp-content/uploads/fusion-builder-avada-pages/data.zip): failed to open stream: No such file or directory in /var/www/vhosts/thecolombianway.es/httpdocs/wp-content/themes/Avada/includes/avada-functions.php on line 864
[06-Feb-2020 06:20:55 UTC] PHP Warning:  fwrite() expects parameter 1 to be resource, boolean given in /var/www/vhosts/thecolombianway.es/httpdocs/wp-content/themes/Avada/includes/avada-functions.php on line 866
[06-Feb-2020 06:20:55 UTC] PHP Warning:  fclose() expects parameter 1 to be resource, boolean given in /var/www/vhosts/thecolombianway.es/httpdocs/wp-content/themes/Avada/includes/avada-functions.php on line 867
[13-Feb-2020 16:16:49 UTC] PHP Notice:  Undefined variable: result_suggestions in /var/www/vhosts/thecolombianway.es/httpdocs/wp-content/themes/Avada/includes/class-avada-init.php on line 593
[18-Feb-2020 14:11:21 UTC] PHP Notice:  Undefined variable: result_suggestions in /var/www/vhosts/thecolombianway.es/httpdocs/wp-content/themes/Avada/includes/class-avada-init.php on line 593
[18-Feb-2020 20:00:36 UTC] PHP Warning:  An unexpected error occurred. Something may be wrong with WordPress.org or this server&#8217;s configuration. If you continue to have problems, please try the <a href="https://wordpress.org/support/">support forums</a>. (WordPress could not establish a secure connection to WordPress.org. Please contact your server administrator.) in /var/www/vhosts/thecolombianway.es/httpdocs/wp-includes/update.php on line 161
[23-Feb-2020 11:52:27 UTC] PHP Notice:  Undefined variable: result_suggestions in /var/www/vhosts/thecolombianway.es/httpdocs/wp-content/themes/Avada/includes/class-avada-init.php on line 593
[24-Feb-2020 11:53:22 UTC] PHP Notice:  Undefined variable: result_suggestions in /var/www/vhosts/thecolombianway.es/httpdocs/wp-content/themes/Avada/includes/class-avada-init.php on line 593
[24-Feb-2020 11:57:10 UTC] PHP Notice:  Undefined variable: result_suggestions in /var/www/vhosts/thecolombianway.es/httpdocs/wp-content/themes/Avada/includes/class-avada-init.php on line 593
